<?xml version="1.0" encoding="UTF-8"?>
<!-- Generated by org.testng.reporters.JUnitReportReporter -->
<testsuite skipped="0" hostname="Bharanis-MacBook-Air.local" name="com.item.tests.SearchItemTest" tests="3" failures="0" timestamp="04 Sep 2018 19:43:49 GMT" time="9.997" errors="0">
  <testcase name="testSearchForResults" time="4.907" classname="com.item.tests.SearchItemTest"/>
  <testcase name="testBlankForItemCategory" time="2.485" classname="com.item.tests.SearchItemTest"/>
  <testcase name="testSearchForEmptyList" time="2.605" classname="com.item.tests.SearchItemTest"/>
</testsuite> <!-- com.item.tests.SearchItemTest -->
